mode: atomic
github.com/alexinator1/sumb/back/internal/domain/employee/entity/employee.go:30.38,31.14 1 0
github.com/alexinator1/sumb/back/internal/domain/employee/entity/employee.go:31.14,33.3 1 0
github.com/alexinator1/sumb/back/internal/domain/employee/entity/employee.go:34.2,34.48 1 0
github.com/alexinator1/sumb/back/internal/domain/employee/entity/employee.go:34.48,36.3 1 0
github.com/alexinator1/sumb/back/internal/domain/employee/entity/employee.go:37.2,37.39 1 0
github.com/alexinator1/sumb/back/internal/domain/employee/entity/employee.go:41.36,42.14 1 0
github.com/alexinator1/sumb/back/internal/domain/employee/entity/employee.go:42.14,44.3 1 0
github.com/alexinator1/sumb/back/internal/domain/employee/entity/employee.go:45.2,45.25 1 0
github.com/alexinator1/sumb/back/internal/tools/convertor/from_ptr.go:3.34,4.14 1 0
github.com/alexinator1/sumb/back/internal/tools/convertor/from_ptr.go:4.14,6.3 1 0
github.com/alexinator1/sumb/back/internal/tools/convertor/from_ptr.go:7.2,7.18 1 0
github.com/alexinator1/sumb/back/internal/tools/convertor/time.go:5.53,6.14 1 0
github.com/alexinator1/sumb/back/internal/tools/convertor/time.go:6.14,8.3 1 0
github.com/alexinator1/sumb/back/internal/tools/convertor/time.go:9.2,9.14 1 0
github.com/alexinator1/sumb/back/internal/tools/convertor/time.go:9.14,11.17 2 0
github.com/alexinator1/sumb/back/internal/tools/convertor/time.go:11.17,13.4 1 0
github.com/alexinator1/sumb/back/internal/tools/convertor/time.go:14.3,14.17 1 0
github.com/alexinator1/sumb/back/internal/tools/convertor/time.go:16.2,16.17 1 0
github.com/alexinator1/sumb/back/internal/tools/convertor/to_ptr.go:3.41,4.13 1 0
github.com/alexinator1/sumb/back/internal/tools/convertor/to_ptr.go:4.13,6.3 1 0
github.com/alexinator1/sumb/back/internal/tools/convertor/to_ptr.go:7.2,7.11 1 0
github.com/alexinator1/sumb/back/internal/tools/convertor/to_ptr.go:9.41,10.12 1 0
github.com/alexinator1/sumb/back/internal/tools/convertor/to_ptr.go:10.12,12.3 1 0
github.com/alexinator1/sumb/back/internal/tools/convertor/to_ptr.go:13.2,14.11 2 0
github.com/alexinator1/sumb/back/internal/domain/employee/service/service.go:16.59,20.2 1 0
github.com/alexinator1/sumb/back/internal/domain/employee/service/service.go:23.101,24.13 1 0
github.com/alexinator1/sumb/back/internal/domain/employee/service/service.go:24.13,26.3 1 0
github.com/alexinator1/sumb/back/internal/domain/employee/service/service.go:28.2,29.16 2 0
github.com/alexinator1/sumb/back/internal/domain/employee/service/service.go:29.16,31.3 1 0
github.com/alexinator1/sumb/back/internal/domain/employee/service/service.go:33.2,33.22 1 0
github.com/alexinator1/sumb/back/internal/domain/employee/repository/repo.go:16.41,18.2 1 0
github.com/alexinator1/sumb/back/internal/domain/employee/repository/repo.go:20.90,22.76 2 0
github.com/alexinator1/sumb/back/internal/domain/employee/repository/repo.go:22.76,23.45 1 0
github.com/alexinator1/sumb/back/internal/domain/employee/repository/repo.go:23.45,25.4 1 0
github.com/alexinator1/sumb/back/internal/domain/employee/repository/repo.go:27.3,27.18 1 0
github.com/alexinator1/sumb/back/internal/domain/employee/repository/repo.go:29.2,29.16 1 0
